[debug] [2023-04-24T05:31:57.235Z] ----------------------------------------------------------------------
[debug] [2023-04-24T05:31:57.236Z] Command:       C:\Program Files\nodejs\node.exe C:\Users\Candidate\AppData\Roaming\npm\node_modules\firebase-tools\lib\bin\firebase.js init
[debug] [2023-04-24T05:31:57.237Z] CLI Version:   11.28.0
[debug] [2023-04-24T05:31:57.237Z] Platform:      win32
[debug] [2023-04-24T05:31:57.238Z] Node Version:  v18.15.0
[debug] [2023-04-24T05:31:57.239Z] Time:          Mon Apr 24 2023 01:31:57 GMT-0400 (Eastern Daylight Time)
[debug] [2023-04-24T05:31:57.239Z] ----------------------------------------------------------------------
[debug] 
[debug] [2023-04-24T05:31:57.247Z] > command requires scopes: ["email","openid","https://www.googleapis.com/auth/cloudplatformprojects.readonly","https://www.googleapis.com/auth/firebase","https://www.googleapis.com/auth/cloud-platform"]
[debug] [2023-04-24T05:31:57.247Z] > authorizing via signed-in user (arunprakash7871@gmail.com)
[info] 
     ######## #### ########  ######## ########     ###     ######  ########
     ##        ##  ##     ## ##       ##     ##  ##   ##  ##       ##
     ######    ##  ########  ######   ########  #########  ######  ######
     ##        ##  ##    ##  ##       ##     ## ##     ##       ## ##
     ##       #### ##     ## ######## ########  ##     ##  ######  ########

You're about to initialize a Firebase project in this directory:

  C:\Users\Candidate\Desktop\REACT\react_ecommerce

[info] 
=== Project Setup
[info] 
[info] First, let's associate this project directory with a Firebase project.
[info] You can create multiple project aliases by running firebase use --add, 
[info] but for now we'll just set up a default project.
[info] 
[debug] [2023-04-24T05:32:28.974Z] >>> [apiv2][query] GET https://firebase.googleapis.com/v1beta1/projects pageSize=100
[debug] [2023-04-24T05:32:34.878Z] <<< [apiv2][status] GET https://firebase.googleapis.com/v1beta1/projects 200
[debug] [2023-04-24T05:32:34.879Z] <<< [apiv2][body] GET https://firebase.googleapis.com/v1beta1/projects [omitted]
[info] i  Using project reactapp-26b9f (reactapp) 
[info] 
=== Database Setup
[info] i  database: ensuring required API firebasedatabase.googleapis.com is enabled... 
[debug] [2023-04-24T05:32:40.542Z] >>> [apiv2][query] GET https://serviceusage.googleapis.com/v1/projects/reactapp-26b9f/services/firebasedatabase.googleapis.com [none]
[debug] [2023-04-24T05:32:40.542Z] >>> [apiv2][(partial)header] GET https://serviceusage.googleapis.com/v1/projects/reactapp-26b9f/services/firebasedatabase.googleapis.com x-goog-quota-user=projects/reactapp-26b9f
[debug] [2023-04-24T05:32:42.388Z] <<< [apiv2][status] GET https://serviceusage.googleapis.com/v1/projects/reactapp-26b9f/services/firebasedatabase.googleapis.com 200
[debug] [2023-04-24T05:32:42.389Z] <<< [apiv2][body] GET https://serviceusage.googleapis.com/v1/projects/reactapp-26b9f/services/firebasedatabase.googleapis.com [omitted]
[warn] !  database: missing required API firebasedatabase.googleapis.com. Enabling now... 
[debug] [2023-04-24T05:32:42.390Z] >>> [apiv2][query] POST https://serviceusage.googleapis.com/v1/projects/reactapp-26b9f/services/firebasedatabase.googleapis.com:enable [none]
[debug] [2023-04-24T05:32:42.390Z] >>> [apiv2][(partial)header] POST https://serviceusage.googleapis.com/v1/projects/reactapp-26b9f/services/firebasedatabase.googleapis.com:enable x-goog-quota-user=projects/reactapp-26b9f
[debug] [2023-04-24T05:32:44.254Z] <<< [apiv2][status] POST https://serviceusage.googleapis.com/v1/projects/reactapp-26b9f/services/firebasedatabase.googleapis.com:enable 200
[debug] [2023-04-24T05:32:44.255Z] <<< [apiv2][body] POST https://serviceusage.googleapis.com/v1/projects/reactapp-26b9f/services/firebasedatabase.googleapis.com:enable [omitted]
[debug] [2023-04-24T05:32:54.264Z] >>> [apiv2][query] GET https://serviceusage.googleapis.com/v1/projects/reactapp-26b9f/services/firebasedatabase.googleapis.com [none]
[debug] [2023-04-24T05:32:54.265Z] >>> [apiv2][(partial)header] GET https://serviceusage.googleapis.com/v1/projects/reactapp-26b9f/services/firebasedatabase.googleapis.com x-goog-quota-user=projects/reactapp-26b9f
[debug] [2023-04-24T05:32:55.916Z] <<< [apiv2][status] GET https://serviceusage.googleapis.com/v1/projects/reactapp-26b9f/services/firebasedatabase.googleapis.com 200
[debug] [2023-04-24T05:32:55.916Z] <<< [apiv2][body] GET https://serviceusage.googleapis.com/v1/projects/reactapp-26b9f/services/firebasedatabase.googleapis.com [omitted]
[info] +  database: required API firebasedatabase.googleapis.com is enabled 
[info] 
[debug] [2023-04-24T05:32:55.921Z] >>> [apiv2][query] GET https://firebase.googleapis.com/v1beta1/projects/reactapp-26b9f [none]
[debug] [2023-04-24T05:32:56.316Z] <<< [apiv2][status] GET https://firebase.googleapis.com/v1beta1/projects/reactapp-26b9f 200
[debug] [2023-04-24T05:32:56.316Z] <<< [apiv2][body] GET https://firebase.googleapis.com/v1beta1/projects/reactapp-26b9f {"projectId":"reactapp-26b9f","projectNumber":"200854246477","displayName":"reactapp","name":"projects/reactapp-26b9f","resources":{"hostingSite":"reactapp-26b9f"},"state":"ACTIVE","etag":"1_7cacc75f-76cf-4b18-ab37-b375af268286"}
[debug] [2023-04-24T05:33:10.726Z] >>> [apiv2][query] POST https://firebasedatabase.googleapis.com/v1beta/projects/reactapp-26b9f/locations/asia-southeast1/instances databaseId=reactapp-26b9f-default-rtdb&validateOnly=true
[debug] [2023-04-24T05:33:10.726Z] >>> [apiv2][body] POST https://firebasedatabase.googleapis.com/v1beta/projects/reactapp-26b9f/locations/asia-southeast1/instances {"type":"default_database"}
[debug] [2023-04-24T05:33:17.212Z] <<< [apiv2][status] POST https://firebasedatabase.googleapis.com/v1beta/projects/reactapp-26b9f/locations/asia-southeast1/instances 200
[debug] [2023-04-24T05:33:17.212Z] <<< [apiv2][body] POST https://firebasedatabase.googleapis.com/v1beta/projects/reactapp-26b9f/locations/asia-southeast1/instances {"name":"projects/200854246477/locations/asia-southeast1/instances/reactapp-26b9f-default-rtdb","project":"projects/200854246477","databaseUrl":"https://reactapp-26b9f-default-rtdb.asia-southeast1.firebasedatabase.app","type":"DEFAULT_DATABASE","state":"ACTIVE"}
[debug] [2023-04-24T05:33:17.214Z] >>> [apiv2][query] POST https://firebasedatabase.googleapis.com/v1beta/projects/reactapp-26b9f/locations/asia-southeast1/instances databaseId=reactapp-26b9f-default-rtdb
[debug] [2023-04-24T05:33:17.214Z] >>> [apiv2][body] POST https://firebasedatabase.googleapis.com/v1beta/projects/reactapp-26b9f/locations/asia-southeast1/instances {"type":"default_database"}
[debug] [2023-04-24T05:33:18.065Z] <<< [apiv2][status] POST https://firebasedatabase.googleapis.com/v1beta/projects/reactapp-26b9f/locations/asia-southeast1/instances 200
[debug] [2023-04-24T05:33:18.066Z] <<< [apiv2][body] POST https://firebasedatabase.googleapis.com/v1beta/projects/reactapp-26b9f/locations/asia-southeast1/instances {"name":"projects/200854246477/locations/asia-southeast1/instances/reactapp-26b9f-default-rtdb","project":"projects/200854246477","databaseUrl":"https://reactapp-26b9f-default-rtdb.asia-southeast1.firebasedatabase.app","type":"DEFAULT_DATABASE","state":"ACTIVE"}
[info] 
[info] Firebase Realtime Database Security Rules allow you to define how your data should be
[info] structured and when your data can be read from and written to.
[info] 
[debug] [2023-04-24T05:33:28.704Z] >>> [apiv2][query] GET https://reactapp-26b9f-default-rtdb.asia-southeast1.firebasedatabase.app/.settings/rules.json [none]
[debug] [2023-04-24T05:33:30.966Z] <<< [apiv2][status] GET https://reactapp-26b9f-default-rtdb.asia-southeast1.firebasedatabase.app/.settings/rules.json 200
[debug] [2023-04-24T05:33:30.966Z] <<< [apiv2][body] GET https://reactapp-26b9f-default-rtdb.asia-southeast1.firebasedatabase.app/.settings/rules.json [stream]
[info] +  Database Rules for reactapp-26b9f-default-rtdb have been written to database.rules.json. 
[info] Future modifications to database.rules.json will update Realtime Database Security Rules when you run
[info] firebase deploy.
[info] 
=== Hosting Setup
[info] 
[info] Your public directory is the folder (relative to your project directory) that
[info] will contain Hosting assets to be uploaded with firebase deploy. If you
[info] have a build process for your assets, use your build's output directory.
[info] 
[debug] [2023-04-24T05:34:03.801Z] >>> [apiv2][query] GET https://www.gstatic.com/firebasejs/releases.json [none]
[debug] [2023-04-24T05:34:03.915Z] <<< [apiv2][status] GET https://www.gstatic.com/firebasejs/releases.json 200
[debug] [2023-04-24T05:34:03.915Z] <<< [apiv2][body] GET https://www.gstatic.com/firebasejs/releases.json {"current":{"version":"9.20.0","browserURL":"https://www.gstatic.com/firebasejs/9.20.0/firebase.js","packageURL":"https://www.gstatic.com/firebasejs/9.20.0/firebase.tgz"},"live":{"version":"9.20","browserURL":"https://www.gstatic.com/firebasejs/live/9.20/firebase.js","packageURL":"https://www.gstatic.com/firebasejs/live/9.20/firebase.tgz"},"components":{"analytics":"https://www.gstatic.com/firebasejs/9.20.0/firebase-analytics.js","app":"https://www.gstatic.com/firebasejs/9.20.0/firebase-app.js","app-check":"https://www.gstatic.com/firebasejs/9.20.0/firebase-app-check.js","auth":"https://www.gstatic.com/firebasejs/9.20.0/firebase-auth.js","auth/cordova":"https://www.gstatic.com/firebasejs/9.20.0/firebase-auth/cordova.js","auth/react-native":"https://www.gstatic.com/firebasejs/9.20.0/firebase-auth/react-native.js","functions":"https://www.gstatic.com/firebasejs/9.20.0/firebase-functions.js","firestore":"https://www.gstatic.com/firebasejs/9.20.0/firebase-firestore.js","firestore/lite":"https://www.gstatic.com/firebasejs/9.20.0/firebase-firestore/lite.js","installations":"https://www.gstatic.com/firebasejs/9.20.0/firebase-installations.js","storage":"https://www.gstatic.com/firebasejs/9.20.0/firebase-storage.js","performance":"https://www.gstatic.com/firebasejs/9.20.0/firebase-performance.js","remote-config":"https://www.gstatic.com/firebasejs/9.20.0/firebase-remote-config.js","messaging":"https://www.gstatic.com/firebasejs/9.20.0/firebase-messaging.js","messaging/sw":"https://www.gstatic.com/firebasejs/9.20.0/firebase-messaging/sw.js","database":"https://www.gstatic.com/firebasejs/9.20.0/firebase-database.js","firestore.memory":"https://www.gstatic.com/firebasejs/9.20.0/firebase-firestore.memory.js"}}
[info] i  Skipping write of public/index.html 
[info] 
[info] i  Detected a .git folder at C:\Users\Candidate\Desktop\REACT\react_ecommerce 
[info] i  Authorizing with GitHub to upload your service account to a GitHub repository's secrets store. 
[info] 
[info] Visit this URL on this device to log in:
[info] https://github.com/login/oauth/authorize?client_id=89cf50f02ac6aaed3484&state=865022933&redirect_uri=http%3A%2F%2Flocalhost%3A9005&scope=read%3Auser%20repo%20public_repo
[info] 
[info] Waiting for authentication...
[debug] [2023-04-24T05:34:40.710Z] >>> [apiv2][query] POST https://github.com/login/oauth/access_token [none]
[debug] [2023-04-24T05:34:40.711Z] >>> [apiv2][body] POST https://github.com/login/oauth/access_token [stream]
[debug] [2023-04-24T05:34:41.168Z] <<< [apiv2][status] POST https://github.com/login/oauth/access_token 200
[debug] [2023-04-24T05:34:41.169Z] <<< [apiv2][body] POST https://github.com/login/oauth/access_token {"access_token":"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","token_type":"bearer","scope":"read:user,repo"}
[debug] [2023-04-24T05:34:41.190Z] >>> [apiv2][query] GET https://api.github.com/user [none]
[debug] [2023-04-24T05:34:41.640Z] <<< [apiv2][status] GET https://api.github.com/user 200
[debug] [2023-04-24T05:34:41.641Z] <<< [apiv2][body] GET https://api.github.com/user {"login":"ArunprakashLfs","id":123532974,"node_id":"U_kgDOB1z2rg","avatar_url":"https://avatars.githubusercontent.com/u/123532974?v=4","gravatar_id":"","url":"https://api.github.com/users/ArunprakashLfs","html_url":"https://github.com/ArunprakashLfs","followers_url":"https://api.github.com/users/ArunprakashLfs/followers","following_url":"https://api.github.com/users/ArunprakashLfs/following{/other_user}","gists_url":"https://api.github.com/users/ArunprakashLfs/gists{/gist_id}","starred_url":"https://api.github.com/users/ArunprakashLfs/starred{/owner}{/repo}","subscriptions_url":"https://api.github.com/users/ArunprakashLfs/subscriptions","organizations_url":"https://api.github.com/users/ArunprakashLfs/orgs","repos_url":"https://api.github.com/users/ArunprakashLfs/repos","events_url":"https://api.github.com/users/ArunprakashLfs/events{/privacy}","received_events_url":"https://api.github.com/users/ArunprakashLfs/received_events","type":"User","site_admin":false,"name":"Arun Prakash","company":"streams software solution private limited ","blog":"","location":"coimbatore","email":null,"hireable":null,"bio":"Full stack webdeveloper","twitter_username":null,"public_repos":34,"public_gists":0,"followers":0,"following":0,"created_at":"2023-01-25T05:22:17Z","updated_at":"2023-04-20T11:26:58Z","private_gists":0,"total_private_repos":0,"owned_private_repos":0,"disk_usage":19231,"collaborators":0,"two_factor_authentication":false,"plan":{"name":"free","space":976562499,"collaborators":0,"private_repos":10000}}
[info] 
[info] +  Success! Logged into GitHub as ArunprakashLfs 
[info] 
[debug] [2023-04-24T05:34:54.581Z] >>> [apiv2][query] GET https://api.github.com/repos//actions/secrets/public-key type=owner
[debug] [2023-04-24T05:34:54.962Z] <<< [apiv2][status] GET https://api.github.com/repos//actions/secrets/public-key 404
[debug] [2023-04-24T05:34:54.962Z] <<< [apiv2][body] GET https://api.github.com/repos//actions/secrets/public-key {"message":"Not Found","documentation_url":"https://docs.github.com/rest"}
[info] 
[info] 
[error] !  The provided authorization cannot be used with this repository. If this repository is in an organization, did you remember to grant access? 
[info] 
[info] i  Action required: Visit this URL to ensure access has been granted to the appropriate organization(s) for the Firebase CLI GitHub OAuth App: 
[info] https://github.com/settings/connections/applications/89cf50f02ac6aaed3484
[info] 
[debug] [2023-04-24T05:35:05.503Z] >>> [apiv2][query] GET https://api.github.com/repos//actions/secrets/public-key type=owner
[debug] [2023-04-24T05:35:05.912Z] <<< [apiv2][status] GET https://api.github.com/repos//actions/secrets/public-key 404
[debug] [2023-04-24T05:35:05.912Z] <<< [apiv2][body] GET https://api.github.com/repos//actions/secrets/public-key {"message":"Not Found","documentation_url":"https://docs.github.com/rest"}
[info] 
[info] 
[error] !  The provided authorization cannot be used with this repository. If this repository is in an organization, did you remember to grant access? 
[info] 
[info] i  Action required: Visit this URL to ensure access has been granted to the appropriate organization(s) for the Firebase CLI GitHub OAuth App: 
[info] https://github.com/settings/connections/applications/89cf50f02ac6aaed3484
[info] 
[debug] [2023-04-24T05:35:25.283Z] >>> [apiv2][query] GET https://api.github.com/repos//actions/secrets/public-key type=owner
[debug] [2023-04-24T05:35:25.672Z] <<< [apiv2][status] GET https://api.github.com/repos//actions/secrets/public-key 404
[debug] [2023-04-24T05:35:25.672Z] <<< [apiv2][body] GET https://api.github.com/repos//actions/secrets/public-key {"message":"Not Found","documentation_url":"https://docs.github.com/rest"}
[info] 
[info] 
[error] !  The provided authorization cannot be used with this repository. If this repository is in an organization, did you remember to grant access? 
[info] 
[info] i  Action required: Visit this URL to ensure access has been granted to the appropriate organization(s) for the Firebase CLI GitHub OAuth App: 
[info] https://github.com/settings/connections/applications/89cf50f02ac6aaed3484
[info] 
[debug] [2023-04-24T05:37:01.085Z] >>> [apiv2][query] GET https://api.github.com/repos//actions/secrets/public-key type=owner
[debug] [2023-04-24T05:37:01.496Z] <<< [apiv2][status] GET https://api.github.com/repos//actions/secrets/public-key 404
[debug] [2023-04-24T05:37:01.497Z] <<< [apiv2][body] GET https://api.github.com/repos//actions/secrets/public-key {"message":"Not Found","documentation_url":"https://docs.github.com/rest"}
[info] 
[info] 
[error] !  The provided authorization cannot be used with this repository. If this repository is in an organization, did you remember to grant access? 
[info] 
[info] i  Action required: Visit this URL to ensure access has been granted to the appropriate organization(s) for the Firebase CLI GitHub OAuth App: 
[info] https://github.com/settings/connections/applications/89cf50f02ac6aaed3484
[info] 
[debug] [2023-04-24T05:37:04.335Z] >>> [apiv2][query] GET https://api.github.com/repos//actions/secrets/public-key type=owner
[debug] [2023-04-24T05:37:04.715Z] <<< [apiv2][status] GET https://api.github.com/repos//actions/secrets/public-key 404
[debug] [2023-04-24T05:37:04.716Z] <<< [apiv2][body] GET https://api.github.com/repos//actions/secrets/public-key {"message":"Not Found","documentation_url":"https://docs.github.com/rest"}
[info] 
[info] 
[error] !  The provided authorization cannot be used with this repository. If this repository is in an organization, did you remember to grant access? 
[info] 
[info] i  Action required: Visit this URL to ensure access has been granted to the appropriate organization(s) for the Firebase CLI GitHub OAuth App: 
[info] https://github.com/settings/connections/applications/89cf50f02ac6aaed3484
[info] 
[debug] [2023-04-24T05:37:56.327Z] >>> [apiv2][query] GET https://api.github.com/repos//actions/secrets/public-key type=owner
[debug] [2023-04-24T05:37:56.713Z] <<< [apiv2][status] GET https://api.github.com/repos//actions/secrets/public-key 404
[debug] [2023-04-24T05:37:56.714Z] <<< [apiv2][body] GET https://api.github.com/repos//actions/secrets/public-key {"message":"Not Found","documentation_url":"https://docs.github.com/rest"}
[info] 
[info] 
[error] !  The provided authorization cannot be used with this repository. If this repository is in an organization, did you remember to grant access? 
[info] 
[info] i  Action required: Visit this URL to ensure access has been granted to the appropriate organization(s) for the Firebase CLI GitHub OAuth App: 
[info] https://github.com/settings/connections/applications/89cf50f02ac6aaed3484
[info] 
[debug] [2023-04-24T05:40:09.943Z] >>> [apiv2][query] GET https://api.github.com/repos//actions/secrets/public-key type=owner
[debug] [2023-04-24T05:40:10.377Z] <<< [apiv2][status] GET https://api.github.com/repos//actions/secrets/public-key 404
[debug] [2023-04-24T05:40:10.378Z] <<< [apiv2][body] GET https://api.github.com/repos//actions/secrets/public-key {"message":"Not Found","documentation_url":"https://docs.github.com/rest"}
[info] 
[info] 
[error] !  The provided authorization cannot be used with this repository. If this repository is in an organization, did you remember to grant access? 
[info] 
[info] i  Action required: Visit this URL to ensure access has been granted to the appropriate organization(s) for the Firebase CLI GitHub OAuth App: 
[info] https://github.com/settings/connections/applications/89cf50f02ac6aaed3484
[info] 
